<?xml version="1.0" encoding="UTF-8"?>
<!-- Generated by org.testng.reporters.JUnitXMLReporter -->
<testsuite ignored="0" hostname="QSP" failures="0" tests="3" name="Test" time="151.984" errors="0" timestamp="2021-05-21T09:33:32 IST">
  <testcase classname="scripts.TakeCourse" name="takecourse" time="43.633"/>
  <testcase classname="scripts.ContactDetails" name="contatctus" time="33.404"/>
  <testcase classname="scripts.Addtocart" name="addproduct" time="31.802"/>
</testsuite> <!-- Test -->
