<?xml version="1.0" encoding="UTF-8"?>
<testng-results ignored="0" total="3" passed="3" failed="0" skipped="0">
  <reporter-output>
  </reporter-output>
  <suite started-at="2021-05-21T09:31:00 IST" name="Suite" finished-at="2021-05-21T09:33:32 IST" duration-ms="151984">
    <groups>
    </groups>
    <test started-at="2021-05-21T09:31:00 IST" name="Test" finished-at="2021-05-21T09:33:32 IST" duration-ms="151984">
      <class name="scripts.Addtocart">
        <test-method is-config="true" signature="openApp()[pri:0, instance:scripts.Addtocart@152aa092]" started-at="2021-05-21T09:32:46 IST" name="openApp" finished-at="2021-05-21T09:32:58 IST" duration-ms="11784" status="PASS">
          <reporter-output>
          </reporter-output>
        </test-method> <!-- openApp -->
        <test-method signature="addproduct()[pri:0, instance:scripts.Addtocart@152aa092]" started-at="2021-05-21T09:32:58 IST" name="addproduct" finished-at="2021-05-21T09:33:30 IST" duration-ms="31802" status="PASS">
          <reporter-output>
          </reporter-output>
        </test-method> <!-- addproduct -->
        <test-method is-config="true" signature="closeApp(org.testng.ITestResult)[pri:0, instance:scripts.Addtocart@152aa092]" started-at="2021-05-21T09:33:30 IST" name="closeApp" finished-at="2021-05-21T09:33:32 IST" duration-ms="1776" status="PASS">
          <params>
            <param index="0">
              <value>
                <![CDATA[[TestResult name=addproduct status=SUCCESS method=Addtocart.addproduct()[pri:0, instance:scripts.Addtocart@152aa092] output={null}]]]>
              </value>
            </param>
          </params>
          <reporter-output>
          </reporter-output>
        </test-method> <!-- closeApp -->
      </class> <!-- scripts.Addtocart -->
      <class name="scripts.TakeCourse">
        <test-method is-config="true" signature="openApp()[pri:0, instance:scripts.TakeCourse@2525ff7e]" started-at="2021-05-21T09:31:00 IST" name="openApp" finished-at="2021-05-21T09:31:14 IST" duration-ms="14105" status="PASS">
          <reporter-output>
          </reporter-output>
        </test-method> <!-- openApp -->
        <test-method signature="takecourse()[pri:0, instance:scripts.TakeCourse@2525ff7e]" started-at="2021-05-21T09:31:14 IST" name="takecourse" finished-at="2021-05-21T09:31:58 IST" duration-ms="43633" status="PASS">
          <reporter-output>
          </reporter-output>
        </test-method> <!-- takecourse -->
        <test-method is-config="true" signature="closeApp(org.testng.ITestResult)[pri:0, instance:scripts.TakeCourse@2525ff7e]" started-at="2021-05-21T09:31:58 IST" name="closeApp" finished-at="2021-05-21T09:31:59 IST" duration-ms="1939" status="PASS">
          <params>
            <param index="0">
              <value>
                <![CDATA[[TestResult name=takecourse status=SUCCESS method=TakeCourse.takecourse()[pri:0, instance:scripts.TakeCourse@2525ff7e] output={null}]]]>
              </value>
            </param>
          </params>
          <reporter-output>
          </reporter-output>
        </test-method> <!-- closeApp -->
      </class> <!-- scripts.TakeCourse -->
      <class name="scripts.ContactDetails">
        <test-method is-config="true" signature="openApp()[pri:0, instance:scripts.ContactDetails@524d6d96]" started-at="2021-05-21T09:31:59 IST" name="openApp" finished-at="2021-05-21T09:32:11 IST" duration-ms="11333" status="PASS">
          <reporter-output>
          </reporter-output>
        </test-method> <!-- openApp -->
        <test-method signature="contatctus()[pri:0, instance:scripts.ContactDetails@524d6d96]" started-at="2021-05-21T09:32:11 IST" name="contatctus" finished-at="2021-05-21T09:32:44 IST" duration-ms="33404" status="PASS">
          <reporter-output>
          </reporter-output>
        </test-method> <!-- contatctus -->
        <test-method is-config="true" signature="closeApp(org.testng.ITestResult)[pri:0, instance:scripts.ContactDetails@524d6d96]" started-at="2021-05-21T09:32:44 IST" name="closeApp" finished-at="2021-05-21T09:32:46 IST" duration-ms="2089" status="PASS">
          <params>
            <param index="0">
              <value>
                <![CDATA[[TestResult name=contatctus status=SUCCESS method=ContactDetails.contatctus()[pri:0, instance:scripts.ContactDetails@524d6d96] output={null}]]]>
              </value>
            </param>
          </params>
          <reporter-output>
          </reporter-output>
        </test-method> <!-- closeApp -->
      </class> <!-- scripts.ContactDetails -->
    </test> <!-- Test -->
  </suite> <!-- Suite -->
</testng-results>
